<?xml version="1.0" encoding="UTF-8"?>
<!-- Generated by org.testng.reporters.JUnitReportReporter -->
<testsuite skipped="0" hostname="Chandan" name="getApiRequest.GetFormula1DriverResult" tests="1" failures="0" timestamp="11 Oct 2019 10:56:08 GMT" time="5.125" errors="0">
  <testcase name="testDriverResult" time="5.125" classname="getApiRequest.GetFormula1DriverResult"/>
</testsuite> <!-- getApiRequest.GetFormula1DriverResult -->
