<?xml version="1.0" encoding="UTF-8"?>
<!-- Generated by org.testng.reporters.JUnitReportReporter -->
<testsuite skipped="0" hostname="Chandan" name="getApiRequest.GetApiResponseErgastCircuitsBDD" tests="1" failures="0" timestamp="11 Oct 2019 10:56:33 GMT" time="4.010" errors="0">
  <testcase name="testErgastCircuits" time="4.010" classname="getApiRequest.GetApiResponseErgastCircuitsBDD"/>
</testsuite> <!-- getApiRequest.GetApiResponseErgastCircuitsBDD -->
