<?xml version="1.0" encoding="UTF-8"?>
<!-- Generated by org.testng.reporters.JUnitReportReporter -->
<testsuite skipped="0" hostname="Chandan" name="getApiRequest.GetApiDataEmployee" tests="2" failures="0" timestamp="20 Jan 2021 20:08:42 GMT" time="5.907" errors="0">
  <testcase name="getResponseCode" time="4.763" classname="getApiRequest.GetApiDataEmployee"/>
  <testcase name="getResponseBody" time="1.144" classname="getApiRequest.GetApiDataEmployee"/>
</testsuite> <!-- getApiRequest.GetApiDataEmployee -->
