<?xml version="1.0" encoding="UTF-8"?>
<!-- Generated by org.testng.reporters.JUnitReportReporter -->
<testsuite skipped="0" hostname="Chandan" name="getApiRequest.GetApiData" tests="2" failures="0" timestamp="11 Oct 2019 10:15:59 GMT" time="5.633" errors="0">
  <testcase name="getResponseCode" time="4.597" classname="getApiRequest.GetApiData"/>
  <testcase name="getResponseBody" time="1.036" classname="getApiRequest.GetApiData"/>
</testsuite> <!-- getApiRequest.GetApiData -->
