<?xml version="1.0" encoding="UTF-8"?>
<!-- Generated by org.testng.reporters.JUnitReportReporter -->
<testsuite skipped="0" hostname="Chandan" name="getApiRequest.GetApiResponseBDD" tests="1" failures="0" timestamp="11 Oct 2019 10:15:10 GMT" time="4.151" errors="0">
  <testcase name="testErgastCircuits" time="4.151" classname="getApiRequest.GetApiResponseBDD"/>
</testsuite> <!-- getApiRequest.GetApiResponseBDD -->
