<?xml version="1.0" encoding="UTF-8"?>
<!-- Generated by org.testng.reporters.JUnitReportReporter -->
<testsuite skipped="0" hostname="Chandan" name="getApiRequest.GetApiDataEmployee" tests="2" failures="0" timestamp="20 Jan 2021 19:08:29 GMT" time="17.078" errors="0">
  <testcase name="getResponseCode" time="10.376" classname="getApiRequest.GetApiDataEmployee"/>
  <testcase name="getResponseBody" time="6.702" classname="getApiRequest.GetApiDataEmployee"/>
</testsuite> <!-- getApiRequest.GetApiDataEmployee -->
